<?xml version="1.0" encoding="UTF-8"?>
<!-- Generated by org.testng.reporters.JUnitReportReporter -->
<testsuite hostname="MSI" failures="0" tests="1" name="TestNG.day2" time="0.002" errors="0" timestamp="2024-04-14T11:31:15 IST" skipped="0">
  <testcase classname="TestNG.day2" name="smoke2" time="0.002"/>
</testsuite> <!-- TestNG.day2 -->
