<?xml version="1.0" encoding="UTF-8"?>
<!-- Generated by org.testng.reporters.JUnitReportReporter -->
<testsuite hostname="MSI" failures="0" tests="2" name="delete" time="0.018" errors="0" timestamp="2024-04-12T09:36:03 IST" skipped="0">
  <testcase classname="delete" name="demo" time="0.002"/>
  <testcase classname="delete" name="SecondTest" time="0.016"/>
</testsuite> <!-- delete -->
