<?xml version="1.0" encoding="UTF-8"?>
<!-- Generated by org.testng.reporters.JUnitReportReporter -->
<testsuite hostname="MSI" failures="0" tests="1" name="OOPs.Child" time="0.011" errors="0" timestamp="2024-04-17T07:15:40 IST" skipped="0">
  <testcase classname="OOPs.Child" name="testRun" time="0.011"/>
</testsuite> <!-- OOPs.Child -->
