<?xml version="1.0" encoding="UTF-8"?>
<!-- Generated by org.testng.reporters.JUnitReportReporter -->
<testsuite hostname="MSI" failures="0" tests="2" name="TestNG.testNG" time="0.020" errors="0" timestamp="2024-04-12T09:53:45 IST" skipped="0">
  <testcase classname="TestNG.testNG" name="demo" time="0.003"/>
  <testcase classname="TestNG.testNG" name="SecondTest" time="0.017"/>
</testsuite> <!-- TestNG.testNG -->
