<?xml version="1.0" encoding="UTF-8"?>
<!-- Generated by org.testng.reporters.JUnitReportReporter -->
<testsuite hostname="MSI" failures="0" tests="1" name="TestNG.day1" time="0.019" errors="0" timestamp="2024-04-14T11:31:15 IST" skipped="0">
  <testcase classname="TestNG.day1" name="SecondTest" time="0.019"/>
</testsuite> <!-- TestNG.day1 -->
